[2020-01-29 09:09:40] local.ERROR: Class 'MongoDB\Driver\Manager' not found {"exception":"[object] (Symfony\\Component\\Debug\\Exception\\FatalThrowableError(code: 0): Class 'MongoDB\\Driver\\Manager' not found at C:\\xampp\\htdocs\\greenspot\\vendor\\mongodb\\mongodb\\src\\Client.php:107)
[stacktrace]
#0 C:\\xampp\\htdocs\\greenspot\\vendor\\jenssegers\\mongodb\\src\\Jenssegers\\Mongodb\\Connection.php(141): MongoDB\\Client->__construct('mongodb://127.0...', Array, Array)
#1 C:\\xampp\\htdocs\\greenspot\\vendor\\jenssegers\\mongodb\\src\\Jenssegers\\Mongodb\\Connection.php(38): Jenssegers\\Mongodb\\Connection->createConnection('mongodb://127.0...', Array, Array)
#2 C:\\xampp\\htdocs\\greenspot\\vendor\\jenssegers\\mongodb\\src\\Jenssegers\\Mongodb\\MongodbServiceProvider.php(30): Jenssegers\\Mongodb\\Connection->__construct(Array)
#3 [internal function]: Jenssegers\\Mongodb\\MongodbServiceProvider->Jenssegers\\Mongodb\\{closure}(Array, 'mongodb')
#4 C:\\xampp\\htdocs\\greenspot\\vendor\\laravel\\framework\\src\\Illuminate\\Database\\DatabaseManager.php(121): call_user_func(Object(Closure), Array, 'mongodb')
#5 C:\\xampp\\htdocs\\greenspot\\vendor\\laravel\\framework\\src\\Illuminate\\Database\\DatabaseManager.php(86): Illuminate\\Database\\DatabaseManager->makeConnection('mongodb')
#6 C:\\xampp\\htdocs\\greenspot\\vendor\\laravel\\framework\\src\\Illuminate\\Support\\Facades\\Facade.php(239): Illuminate\\Database\\DatabaseManager->connection('mongodb')
#7 C:\\xampp\\htdocs\\greenspot\\vendor\\jenssegers\\mongodb\\src\\Jenssegers\\Mongodb\\MongodbQueueServiceProvider.php(17): Illuminate\\Support\\Facades\\Facade::__callStatic('connection', Array)
#8 C:\\xampp\\htdocs\\greenspot\\vendor\\laravel\\framework\\src\\Illuminate\\Queue\\QueueServiceProvider.php(35): Jenssegers\\Mongodb\\MongodbQueueServiceProvider->registerFailedJobServices()
#9 C:\\xampp\\htdocs\\greenspot\\vendor\\laravel\\framework\\src\\Illuminate\\Foundation\\Application.php(608): Illuminate\\Queue\\QueueServiceProvider->register()
#10 C:\\xampp\\htdocs\\greenspot\\vendor\\laravel\\framework\\src\\Illuminate\\Foundation\\Application.php(742): Illuminate\\Foundation\\Application->register(Object(Jenssegers\\Mongodb\\MongodbQueueServiceProvider))
#11 C:\\xampp\\htdocs\\greenspot\\vendor\\laravel\\framework\\src\\Illuminate\\Foundation\\Application.php(722): Illuminate\\Foundation\\Application->registerDeferredProvider('Jenssegers\\\\Mong...', 'queue')
#12 C:\\xampp\\htdocs\\greenspot\\vendor\\laravel\\framework\\src\\Illuminate\\Foundation\\Application.php(765): Illuminate\\Foundation\\Application->loadDeferredProvider('queue')
#13 C:\\xampp\\htdocs\\greenspot\\vendor\\laravel\\framework\\src\\Illuminate\\Container\\Container.php(1246): Illuminate\\Foundation\\Application->make('queue')
#14 C:\\xampp\\htdocs\\greenspot\\vendor\\laravel\\framework\\src\\Illuminate\\Container\\Container.php(1282): Illuminate\\Container\\Container->offsetGet('queue')
#15 C:\\xampp\\htdocs\\greenspot\\vendor\\facade\\ignition\\src\\IgnitionServiceProvider.php(82): Illuminate\\Container\\Container->__get('queue')
#16 [internal function]: Facade\\Ignition\\IgnitionServiceProvider->boot()
#17 C:\\xampp\\htdocs\\greenspot\\vendor\\laravel\\framework\\src\\Illuminate\\Container\\BoundMethod.php(32): call_user_func_array(Array, Array)
#18 C:\\xampp\\htdocs\\greenspot\\vendor\\laravel\\framework\\src\\Illuminate\\Support\\helpers.php(522): Illuminate\\Container\\BoundMethod::Illuminate\\Container\\{closure}()
#19 C:\\xampp\\htdocs\\greenspot\\vendor\\laravel\\framework\\src\\Illuminate\\Container\\BoundMethod.php(90): value(Object(Closure))
#20 C:\\xampp\\htdocs\\greenspot\\vendor\\laravel\\framework\\src\\Illuminate\\Container\\BoundMethod.php(34): Illuminate\\Container\\BoundMethod::callBoundMethod(Object(Illuminate\\Foundation\\Application), Array, Object(Closure))
#21 C:\\xampp\\htdocs\\greenspot\\vendor\\laravel\\framework\\src\\Illuminate\\Container\\Container.php(591): Illuminate\\Container\\BoundMethod::call(Object(Illuminate\\Foundation\\Application), Array, Array, NULL)
#22 C:\\xampp\\htdocs\\greenspot\\vendor\\laravel\\framework\\src\\Illuminate\\Foundation\\Application.php(828): Illuminate\\Container\\Container->call(Array)
#23 C:\\xampp\\htdocs\\greenspot\\vendor\\laravel\\framework\\src\\Illuminate\\Foundation\\Application.php(811): Illuminate\\Foundation\\Application->bootProvider(Object(Facade\\Ignition\\IgnitionServiceProvider))
#24 [internal function]: Illuminate\\Foundation\\Application->Illuminate\\Foundation\\{closure}(Object(Facade\\Ignition\\IgnitionServiceProvider), 14)
#25 C:\\xampp\\htdocs\\greenspot\\vendor\\laravel\\framework\\src\\Illuminate\\Foundation\\Application.php(812): array_walk(Array, Object(Closure))
#26 C:\\xampp\\htdocs\\greenspot\\vendor\\laravel\\framework\\src\\Illuminate\\Foundation\\Bootstrap\\BootProviders.php(17): Illuminate\\Foundation\\Application->boot()
#27 C:\\xampp\\htdocs\\greenspot\\vendor\\laravel\\framework\\src\\Illuminate\\Foundation\\Application.php(211): Illuminate\\Foundation\\Bootstrap\\BootProviders->bootstrap(Object(Illuminate\\Foundation\\Application))
#28 C:\\xampp\\htdocs\\greenspot\\vendor\\laravel\\framework\\src\\Illuminate\\Foundation\\Http\\Kernel.php(162): Illuminate\\Foundation\\Application->bootstrapWith(Array)
#29 C:\\xampp\\htdocs\\greenspot\\vendor\\laravel\\framework\\src\\Illuminate\\Foundation\\Http\\Kernel.php(146): Illuminate\\Foundation\\Http\\Kernel->bootstrap()
#30 C:\\xampp\\htdocs\\greenspot\\vendor\\laravel\\framework\\src\\Illuminate\\Foundation\\Http\\Kernel.php(116): Illuminate\\Foundation\\Http\\Kernel->sendRequestThroughRouter(Object(Illuminate\\Http\\Request))
#31 C:\\xampp\\htdocs\\greenspot\\index.php(54): Illuminate\\Foundation\\Http\\Kernel->handle(Object(Illuminate\\Http\\Request))
#32 {main}
"} 
[2020-01-29 09:14:28] local.ERROR: Class 'MongoDB\Driver\Manager' not found {"exception":"[object] (Symfony\\Component\\Debug\\Exception\\FatalThrowableError(code: 0): Class 'MongoDB\\Driver\\Manager' not found at C:\\xampp\\htdocs\\greenspot\\vendor\\mongodb\\mongodb\\src\\Client.php:107)
[stacktrace]
#0 C:\\xampp\\htdocs\\greenspot\\vendor\\jenssegers\\mongodb\\src\\Jenssegers\\Mongodb\\Connection.php(141): MongoDB\\Client->__construct('mongodb://127.0...', Array, Array)
#1 C:\\xampp\\htdocs\\greenspot\\vendor\\jenssegers\\mongodb\\src\\Jenssegers\\Mongodb\\Connection.php(38): Jenssegers\\Mongodb\\Connection->createConnection('mongodb://127.0...', Array, Array)
#2 C:\\xampp\\htdocs\\greenspot\\vendor\\jenssegers\\mongodb\\src\\Jenssegers\\Mongodb\\MongodbServiceProvider.php(30): Jenssegers\\Mongodb\\Connection->__construct(Array)
#3 [internal function]: Jenssegers\\Mongodb\\MongodbServiceProvider->Jenssegers\\Mongodb\\{closure}(Array, 'mongodb')
#4 C:\\xampp\\htdocs\\greenspot\\vendor\\laravel\\framework\\src\\Illuminate\\Database\\DatabaseManager.php(121): call_user_func(Object(Closure), Array, 'mongodb')
#5 C:\\xampp\\htdocs\\greenspot\\vendor\\laravel\\framework\\src\\Illuminate\\Database\\DatabaseManager.php(86): Illuminate\\Database\\DatabaseManager->makeConnection('mongodb')
#6 C:\\xampp\\htdocs\\greenspot\\vendor\\laravel\\framework\\src\\Illuminate\\Support\\Facades\\Facade.php(239): Illuminate\\Database\\DatabaseManager->connection('mongodb')
#7 C:\\xampp\\htdocs\\greenspot\\vendor\\jenssegers\\mongodb\\src\\Jenssegers\\Mongodb\\MongodbQueueServiceProvider.php(17): Illuminate\\Support\\Facades\\Facade::__callStatic('connection', Array)
#8 C:\\xampp\\htdocs\\greenspot\\vendor\\laravel\\framework\\src\\Illuminate\\Queue\\QueueServiceProvider.php(35): Jenssegers\\Mongodb\\MongodbQueueServiceProvider->registerFailedJobServices()
#9 C:\\xampp\\htdocs\\greenspot\\vendor\\laravel\\framework\\src\\Illuminate\\Foundation\\Application.php(608): Illuminate\\Queue\\QueueServiceProvider->register()
#10 C:\\xampp\\htdocs\\greenspot\\vendor\\laravel\\framework\\src\\Illuminate\\Foundation\\Application.php(742): Illuminate\\Foundation\\Application->register(Object(Jenssegers\\Mongodb\\MongodbQueueServiceProvider))
#11 C:\\xampp\\htdocs\\greenspot\\vendor\\laravel\\framework\\src\\Illuminate\\Foundation\\Application.php(722): Illuminate\\Foundation\\Application->registerDeferredProvider('Jenssegers\\\\Mong...', 'queue')
#12 C:\\xampp\\htdocs\\greenspot\\vendor\\laravel\\framework\\src\\Illuminate\\Foundation\\Application.php(765): Illuminate\\Foundation\\Application->loadDeferredProvider('queue')
#13 C:\\xampp\\htdocs\\greenspot\\vendor\\laravel\\framework\\src\\Illuminate\\Container\\Container.php(1246): Illuminate\\Foundation\\Application->make('queue')
#14 C:\\xampp\\htdocs\\greenspot\\vendor\\laravel\\framework\\src\\Illuminate\\Container\\Container.php(1282): Illuminate\\Container\\Container->offsetGet('queue')
#15 C:\\xampp\\htdocs\\greenspot\\vendor\\facade\\ignition\\src\\IgnitionServiceProvider.php(82): Illuminate\\Container\\Container->__get('queue')
#16 [internal function]: Facade\\Ignition\\IgnitionServiceProvider->boot()
#17 C:\\xampp\\htdocs\\greenspot\\vendor\\laravel\\framework\\src\\Illuminate\\Container\\BoundMethod.php(32): call_user_func_array(Array, Array)
#18 C:\\xampp\\htdocs\\greenspot\\vendor\\laravel\\framework\\src\\Illuminate\\Support\\helpers.php(522): Illuminate\\Container\\BoundMethod::Illuminate\\Container\\{closure}()
#19 C:\\xampp\\htdocs\\greenspot\\vendor\\laravel\\framework\\src\\Illuminate\\Container\\BoundMethod.php(90): value(Object(Closure))
#20 C:\\xampp\\htdocs\\greenspot\\vendor\\laravel\\framework\\src\\Illuminate\\Container\\BoundMethod.php(34): Illuminate\\Container\\BoundMethod::callBoundMethod(Object(Illuminate\\Foundation\\Application), Array, Object(Closure))
#21 C:\\xampp\\htdocs\\greenspot\\vendor\\laravel\\framework\\src\\Illuminate\\Container\\Container.php(591): Illuminate\\Container\\BoundMethod::call(Object(Illuminate\\Foundation\\Application), Array, Array, NULL)
#22 C:\\xampp\\htdocs\\greenspot\\vendor\\laravel\\framework\\src\\Illuminate\\Foundation\\Application.php(828): Illuminate\\Container\\Container->call(Array)
#23 C:\\xampp\\htdocs\\greenspot\\vendor\\laravel\\framework\\src\\Illuminate\\Foundation\\Application.php(811): Illuminate\\Foundation\\Application->bootProvider(Object(Facade\\Ignition\\IgnitionServiceProvider))
#24 [internal function]: Illuminate\\Foundation\\Application->Illuminate\\Foundation\\{closure}(Object(Facade\\Ignition\\IgnitionServiceProvider), 14)
#25 C:\\xampp\\htdocs\\greenspot\\vendor\\laravel\\framework\\src\\Illuminate\\Foundation\\Application.php(812): array_walk(Array, Object(Closure))
#26 C:\\xampp\\htdocs\\greenspot\\vendor\\laravel\\framework\\src\\Illuminate\\Foundation\\Bootstrap\\BootProviders.php(17): Illuminate\\Foundation\\Application->boot()
#27 C:\\xampp\\htdocs\\greenspot\\vendor\\laravel\\framework\\src\\Illuminate\\Foundation\\Application.php(211): Illuminate\\Foundation\\Bootstrap\\BootProviders->bootstrap(Object(Illuminate\\Foundation\\Application))
#28 C:\\xampp\\htdocs\\greenspot\\vendor\\laravel\\framework\\src\\Illuminate\\Foundation\\Http\\Kernel.php(162): Illuminate\\Foundation\\Application->bootstrapWith(Array)
#29 C:\\xampp\\htdocs\\greenspot\\vendor\\laravel\\framework\\src\\Illuminate\\Foundation\\Http\\Kernel.php(146): Illuminate\\Foundation\\Http\\Kernel->bootstrap()
#30 C:\\xampp\\htdocs\\greenspot\\vendor\\laravel\\framework\\src\\Illuminate\\Foundation\\Http\\Kernel.php(116): Illuminate\\Foundation\\Http\\Kernel->sendRequestThroughRouter(Object(Illuminate\\Http\\Request))
#31 C:\\xampp\\htdocs\\greenspot\\index.php(54): Illuminate\\Foundation\\Http\\Kernel->handle(Object(Illuminate\\Http\\Request))
#32 {main}
"} 
[2020-01-29 09:18:31] local.ERROR: No suitable servers found (`serverSelectionTryOnce` set): [connection refused calling ismaster on '127.0.0.1:27017'] {"exception":"[object] (MongoDB\\Driver\\Exception\\ConnectionTimeoutException(code: 13053): No suitable servers found (`serverSelectionTryOnce` set): [connection refused calling ismaster on '127.0.0.1:27017'] at C:\\xampp\\htdocs\\greenspot\\vendor\\mongodb\\mongodb\\src\\functions.php:431)
[stacktrace]
#0 C:\\xampp\\htdocs\\greenspot\\vendor\\mongodb\\mongodb\\src\\functions.php(431): MongoDB\\Driver\\Manager->selectServer(Object(MongoDB\\Driver\\ReadPreference))
#1 C:\\xampp\\htdocs\\greenspot\\vendor\\mongodb\\mongodb\\src\\Collection.php(651): MongoDB\\select_server(Object(MongoDB\\Driver\\Manager), Array)
#2 [internal function]: MongoDB\\Collection->find(Array, Array)
#3 C:\\xampp\\htdocs\\greenspot\\vendor\\jenssegers\\mongodb\\src\\Jenssegers\\Mongodb\\Collection.php(42): call_user_func_array(Array, Array)
#4 C:\\xampp\\htdocs\\greenspot\\vendor\\jenssegers\\mongodb\\src\\Jenssegers\\Mongodb\\Query\\Builder.php(401): Jenssegers\\Mongodb\\Collection->__call('find', Array)
#5 C:\\xampp\\htdocs\\greenspot\\vendor\\jenssegers\\mongodb\\src\\Jenssegers\\Mongodb\\Query\\Builder.php(209): Jenssegers\\Mongodb\\Query\\Builder->getFresh(Array)
#6 C:\\xampp\\htdocs\\greenspot\\vendor\\laravel\\framework\\src\\Illuminate\\Database\\Eloquent\\Builder.php(521): Jenssegers\\Mongodb\\Query\\Builder->get(Array)
#7 C:\\xampp\\htdocs\\greenspot\\vendor\\laravel\\framework\\src\\Illuminate\\Database\\Eloquent\\Builder.php(505): Illuminate\\Database\\Eloquent\\Builder->getModels(Array)
#8 C:\\xampp\\htdocs\\greenspot\\app\\Http\\Controllers\\Front\\FrontCommonController.php(57): Illuminate\\Database\\Eloquent\\Builder->get()
#9 C:\\xampp\\htdocs\\greenspot\\app\\Http\\Controllers\\Front\\HomeController.php(22): App\\Http\\Controllers\\Front\\FrontCommonController->__construct()
#10 [internal function]: App\\Http\\Controllers\\Front\\HomeController->__construct()
#11 C:\\xampp\\htdocs\\greenspot\\vendor\\laravel\\framework\\src\\Illuminate\\Container\\Container.php(844): ReflectionClass->newInstanceArgs(Array)
#12 C:\\xampp\\htdocs\\greenspot\\vendor\\laravel\\framework\\src\\Illuminate\\Container\\Container.php(682): Illuminate\\Container\\Container->build('App\\\\Http\\\\Contro...')
#13 C:\\xampp\\htdocs\\greenspot\\vendor\\laravel\\framework\\src\\Illuminate\\Container\\Container.php(630): Illuminate\\Container\\Container->resolve('App\\\\Http\\\\Contro...', Array)
#14 C:\\xampp\\htdocs\\greenspot\\vendor\\laravel\\framework\\src\\Illuminate\\Foundation\\Application.php(768): Illuminate\\Container\\Container->make('App\\\\Http\\\\Contro...', Array)
#15 C:\\xampp\\htdocs\\greenspot\\vendor\\laravel\\framework\\src\\Illuminate\\Routing\\Route.php(233): Illuminate\\Foundation\\Application->make('App\\\\Http\\\\Contro...')
#16 C:\\xampp\\htdocs\\greenspot\\vendor\\laravel\\framework\\src\\Illuminate\\Routing\\Route.php(833): Illuminate\\Routing\\Route->getController()
#17 C:\\xampp\\htdocs\\greenspot\\vendor\\laravel\\framework\\src\\Illuminate\\Routing\\Route.php(794): Illuminate\\Routing\\Route->controllerMiddleware()
#18 C:\\xampp\\htdocs\\greenspot\\vendor\\laravel\\framework\\src\\Illuminate\\Routing\\Router.php(693): Illuminate\\Routing\\Route->gatherMiddleware()
#19 C:\\xampp\\htdocs\\greenspot\\vendor\\laravel\\framework\\src\\Illuminate\\Routing\\Router.php(673): Illuminate\\Routing\\Router->gatherRouteMiddleware(Object(Illuminate\\Routing\\Route))
#20 C:\\xampp\\htdocs\\greenspot\\vendor\\laravel\\framework\\src\\Illuminate\\Routing\\Router.php(657): Illuminate\\Routing\\Router->runRouteWithinStack(Object(Illuminate\\Routing\\Route), Object(Illuminate\\Http\\Request))
#21 C:\\xampp\\htdocs\\greenspot\\vendor\\laravel\\framework\\src\\Illuminate\\Routing\\Router.php(623): Illuminate\\Routing\\Router->runRoute(Object(Illuminate\\Http\\Request), Object(Illuminate\\Routing\\Route))
#22 C:\\xampp\\htdocs\\greenspot\\vendor\\laravel\\framework\\src\\Illuminate\\Routing\\Router.php(612): Illuminate\\Routing\\Router->dispatchToRoute(Object(Illuminate\\Http\\Request))
#23 C:\\xampp\\htdocs\\greenspot\\vendor\\laravel\\framework\\src\\Illuminate\\Foundation\\Http\\Kernel.php(176): Illuminate\\Routing\\Router->dispatch(Object(Illuminate\\Http\\Request))
#24 C:\\xampp\\htdocs\\greenspot\\vendor\\laravel\\framework\\src\\Illuminate\\Pipeline\\Pipeline.php(130): Illuminate\\Foundation\\Http\\Kernel->Illuminate\\Foundation\\Http\\{closure}(Object(Illuminate\\Http\\Request))
#25 C:\\xampp\\htdocs\\greenspot\\vendor\\laravel\\framework\\src\\Illuminate\\Foundation\\Http\\Middleware\\TransformsRequest.php(21): Illuminate\\Pipeline\\Pipeline->Illuminate\\Pipeline\\{closure}(Object(Illuminate\\Http\\Request))
#26 C:\\xampp\\htdocs\\greenspot\\vendor\\laravel\\framework\\src\\Illuminate\\Pipeline\\Pipeline.php(171): Illuminate\\Foundation\\Http\\Middleware\\TransformsRequest->handle(Object(Illuminate\\Http\\Request), Object(Closure))
#27 C:\\xampp\\htdocs\\greenspot\\vendor\\laravel\\framework\\src\\Illuminate\\Foundation\\Http\\Middleware\\TransformsRequest.php(21): Illuminate\\Pipeline\\Pipeline->Illuminate\\Pipeline\\{closure}(Object(Illuminate\\Http\\Request))
#28 C:\\xampp\\htdocs\\greenspot\\vendor\\laravel\\framework\\src\\Illuminate\\Pipeline\\Pipeline.php(171): Illuminate\\Foundation\\Http\\Middleware\\TransformsRequest->handle(Object(Illuminate\\Http\\Request), Object(Closure))
#29 C:\\xampp\\htdocs\\greenspot\\vendor\\laravel\\framework\\src\\Illuminate\\Foundation\\Http\\Middleware\\ValidatePostSize.php(27): Illuminate\\Pipeline\\Pipeline->Illuminate\\Pipeline\\{closure}(Object(Illuminate\\Http\\Request))
#30 C:\\xampp\\htdocs\\greenspot\\vendor\\laravel\\framework\\src\\Illuminate\\Pipeline\\Pipeline.php(171): Illuminate\\Foundation\\Http\\Middleware\\ValidatePostSize->handle(Object(Illuminate\\Http\\Request), Object(Closure))
#31 C:\\xampp\\htdocs\\greenspot\\vendor\\laravel\\framework\\src\\Illuminate\\Foundation\\Http\\Middleware\\CheckForMaintenanceMode.php(62): Illuminate\\Pipeline\\Pipeline->Illuminate\\Pipeline\\{closure}(Object(Illuminate\\Http\\Request))
#32 C:\\xampp\\htdocs\\greenspot\\vendor\\laravel\\framework\\src\\Illuminate\\Pipeline\\Pipeline.php(171): Illuminate\\Foundation\\Http\\Middleware\\CheckForMaintenanceMode->handle(Object(Illuminate\\Http\\Request), Object(Closure))
#33 C:\\xampp\\htdocs\\greenspot\\vendor\\fideloper\\proxy\\src\\TrustProxies.php(57): Illuminate\\Pipeline\\Pipeline->Illuminate\\Pipeline\\{closure}(Object(Illuminate\\Http\\Request))
#34 C:\\xampp\\htdocs\\greenspot\\vendor\\laravel\\framework\\src\\Illuminate\\Pipeline\\Pipeline.php(171): Fideloper\\Proxy\\TrustProxies->handle(Object(Illuminate\\Http\\Request), Object(Closure))
#35 C:\\xampp\\htdocs\\greenspot\\vendor\\laravel\\framework\\src\\Illuminate\\Pipeline\\Pipeline.php(105): Illuminate\\Pipeline\\Pipeline->Illuminate\\Pipeline\\{closure}(Object(Illuminate\\Http\\Request))
#36 C:\\xampp\\htdocs\\greenspot\\vendor\\laravel\\framework\\src\\Illuminate\\Foundation\\Http\\Kernel.php(151): Illuminate\\Pipeline\\Pipeline->then(Object(Closure))
#37 C:\\xampp\\htdocs\\greenspot\\vendor\\laravel\\framework\\src\\Illuminate\\Foundation\\Http\\Kernel.php(116): Illuminate\\Foundation\\Http\\Kernel->sendRequestThroughRouter(Object(Illuminate\\Http\\Request))
#38 C:\\xampp\\htdocs\\greenspot\\index.php(54): Illuminate\\Foundation\\Http\\Kernel->handle(Object(Illuminate\\Http\\Request))
#39 {main}
"} 
[2020-01-29 09:19:16] local.ERROR: No suitable servers found (`serverSelectionTryOnce` set): [connection refused calling ismaster on '127.0.0.1:27017'] {"exception":"[object] (MongoDB\\Driver\\Exception\\ConnectionTimeoutException(code: 13053): No suitable servers found (`serverSelectionTryOnce` set): [connection refused calling ismaster on '127.0.0.1:27017'] at C:\\xampp\\htdocs\\greenspot\\vendor\\mongodb\\mongodb\\src\\functions.php:431)
[stacktrace]
#0 C:\\xampp\\htdocs\\greenspot\\vendor\\mongodb\\mongodb\\src\\functions.php(431): MongoDB\\Driver\\Manager->selectServer(Object(MongoDB\\Driver\\ReadPreference))
#1 C:\\xampp\\htdocs\\greenspot\\vendor\\mongodb\\mongodb\\src\\Collection.php(651): MongoDB\\select_server(Object(MongoDB\\Driver\\Manager), Array)
#2 [internal function]: MongoDB\\Collection->find(Array, Array)
#3 C:\\xampp\\htdocs\\greenspot\\vendor\\jenssegers\\mongodb\\src\\Jenssegers\\Mongodb\\Collection.php(42): call_user_func_array(Array, Array)
#4 C:\\xampp\\htdocs\\greenspot\\vendor\\jenssegers\\mongodb\\src\\Jenssegers\\Mongodb\\Query\\Builder.php(401): Jenssegers\\Mongodb\\Collection->__call('find', Array)
#5 C:\\xampp\\htdocs\\greenspot\\vendor\\jenssegers\\mongodb\\src\\Jenssegers\\Mongodb\\Query\\Builder.php(209): Jenssegers\\Mongodb\\Query\\Builder->getFresh(Array)
#6 C:\\xampp\\htdocs\\greenspot\\vendor\\laravel\\framework\\src\\Illuminate\\Database\\Eloquent\\Builder.php(521): Jenssegers\\Mongodb\\Query\\Builder->get(Array)
#7 C:\\xampp\\htdocs\\greenspot\\vendor\\laravel\\framework\\src\\Illuminate\\Database\\Eloquent\\Builder.php(505): Illuminate\\Database\\Eloquent\\Builder->getModels(Array)
#8 C:\\xampp\\htdocs\\greenspot\\app\\Http\\Controllers\\Front\\FrontCommonController.php(57): Illuminate\\Database\\Eloquent\\Builder->get()
#9 C:\\xampp\\htdocs\\greenspot\\app\\Http\\Controllers\\Front\\HomeController.php(22): App\\Http\\Controllers\\Front\\FrontCommonController->__construct()
#10 [internal function]: App\\Http\\Controllers\\Front\\HomeController->__construct()
#11 C:\\xampp\\htdocs\\greenspot\\vendor\\laravel\\framework\\src\\Illuminate\\Container\\Container.php(844): ReflectionClass->newInstanceArgs(Array)
#12 C:\\xampp\\htdocs\\greenspot\\vendor\\laravel\\framework\\src\\Illuminate\\Container\\Container.php(682): Illuminate\\Container\\Container->build('App\\\\Http\\\\Contro...')
#13 C:\\xampp\\htdocs\\greenspot\\vendor\\laravel\\framework\\src\\Illuminate\\Container\\Container.php(630): Illuminate\\Container\\Container->resolve('App\\\\Http\\\\Contro...', Array)
#14 C:\\xampp\\htdocs\\greenspot\\vendor\\laravel\\framework\\src\\Illuminate\\Foundation\\Application.php(768): Illuminate\\Container\\Container->make('App\\\\Http\\\\Contro...', Array)
#15 C:\\xampp\\htdocs\\greenspot\\vendor\\laravel\\framework\\src\\Illuminate\\Routing\\Route.php(233): Illuminate\\Foundation\\Application->make('App\\\\Http\\\\Contro...')
#16 C:\\xampp\\htdocs\\greenspot\\vendor\\laravel\\framework\\src\\Illuminate\\Routing\\Route.php(833): Illuminate\\Routing\\Route->getController()
#17 C:\\xampp\\htdocs\\greenspot\\vendor\\laravel\\framework\\src\\Illuminate\\Routing\\Route.php(794): Illuminate\\Routing\\Route->controllerMiddleware()
#18 C:\\xampp\\htdocs\\greenspot\\vendor\\laravel\\framework\\src\\Illuminate\\Routing\\Router.php(693): Illuminate\\Routing\\Route->gatherMiddleware()
#19 C:\\xampp\\htdocs\\greenspot\\vendor\\laravel\\framework\\src\\Illuminate\\Routing\\Router.php(673): Illuminate\\Routing\\Router->gatherRouteMiddleware(Object(Illuminate\\Routing\\Route))
#20 C:\\xampp\\htdocs\\greenspot\\vendor\\laravel\\framework\\src\\Illuminate\\Routing\\Router.php(657): Illuminate\\Routing\\Router->runRouteWithinStack(Object(Illuminate\\Routing\\Route), Object(Illuminate\\Http\\Request))
#21 C:\\xampp\\htdocs\\greenspot\\vendor\\laravel\\framework\\src\\Illuminate\\Routing\\Router.php(623): Illuminate\\Routing\\Router->runRoute(Object(Illuminate\\Http\\Request), Object(Illuminate\\Routing\\Route))
#22 C:\\xampp\\htdocs\\greenspot\\vendor\\laravel\\framework\\src\\Illuminate\\Routing\\Router.php(612): Illuminate\\Routing\\Router->dispatchToRoute(Object(Illuminate\\Http\\Request))
#23 C:\\xampp\\htdocs\\greenspot\\vendor\\laravel\\framework\\src\\Illuminate\\Foundation\\Http\\Kernel.php(176): Illuminate\\Routing\\Router->dispatch(Object(Illuminate\\Http\\Request))
#24 C:\\xampp\\htdocs\\greenspot\\vendor\\laravel\\framework\\src\\Illuminate\\Pipeline\\Pipeline.php(130): Illuminate\\Foundation\\Http\\Kernel->Illuminate\\Foundation\\Http\\{closure}(Object(Illuminate\\Http\\Request))
#25 C:\\xampp\\htdocs\\greenspot\\vendor\\laravel\\framework\\src\\Illuminate\\Foundation\\Http\\Middleware\\TransformsRequest.php(21): Illuminate\\Pipeline\\Pipeline->Illuminate\\Pipeline\\{closure}(Object(Illuminate\\Http\\Request))
#26 C:\\xampp\\htdocs\\greenspot\\vendor\\laravel\\framework\\src\\Illuminate\\Pipeline\\Pipeline.php(171): Illuminate\\Foundation\\Http\\Middleware\\TransformsRequest->handle(Object(Illuminate\\Http\\Request), Object(Closure))
#27 C:\\xampp\\htdocs\\greenspot\\vendor\\laravel\\framework\\src\\Illuminate\\Foundation\\Http\\Middleware\\TransformsRequest.php(21): Illuminate\\Pipeline\\Pipeline->Illuminate\\Pipeline\\{closure}(Object(Illuminate\\Http\\Request))
#28 C:\\xampp\\htdocs\\greenspot\\vendor\\laravel\\framework\\src\\Illuminate\\Pipeline\\Pipeline.php(171): Illuminate\\Foundation\\Http\\Middleware\\TransformsRequest->handle(Object(Illuminate\\Http\\Request), Object(Closure))
#29 C:\\xampp\\htdocs\\greenspot\\vendor\\laravel\\framework\\src\\Illuminate\\Foundation\\Http\\Middleware\\ValidatePostSize.php(27): Illuminate\\Pipeline\\Pipeline->Illuminate\\Pipeline\\{closure}(Object(Illuminate\\Http\\Request))
#30 C:\\xampp\\htdocs\\greenspot\\vendor\\laravel\\framework\\src\\Illuminate\\Pipeline\\Pipeline.php(171): Illuminate\\Foundation\\Http\\Middleware\\ValidatePostSize->handle(Object(Illuminate\\Http\\Request), Object(Closure))
#31 C:\\xampp\\htdocs\\greenspot\\vendor\\laravel\\framework\\src\\Illuminate\\Foundation\\Http\\Middleware\\CheckForMaintenanceMode.php(62): Illuminate\\Pipeline\\Pipeline->Illuminate\\Pipeline\\{closure}(Object(Illuminate\\Http\\Request))
#32 C:\\xampp\\htdocs\\greenspot\\vendor\\laravel\\framework\\src\\Illuminate\\Pipeline\\Pipeline.php(171): Illuminate\\Foundation\\Http\\Middleware\\CheckForMaintenanceMode->handle(Object(Illuminate\\Http\\Request), Object(Closure))
#33 C:\\xampp\\htdocs\\greenspot\\vendor\\fideloper\\proxy\\src\\TrustProxies.php(57): Illuminate\\Pipeline\\Pipeline->Illuminate\\Pipeline\\{closure}(Object(Illuminate\\Http\\Request))
#34 C:\\xampp\\htdocs\\greenspot\\vendor\\laravel\\framework\\src\\Illuminate\\Pipeline\\Pipeline.php(171): Fideloper\\Proxy\\TrustProxies->handle(Object(Illuminate\\Http\\Request), Object(Closure))
#35 C:\\xampp\\htdocs\\greenspot\\vendor\\laravel\\framework\\src\\Illuminate\\Pipeline\\Pipeline.php(105): Illuminate\\Pipeline\\Pipeline->Illuminate\\Pipeline\\{closure}(Object(Illuminate\\Http\\Request))
#36 C:\\xampp\\htdocs\\greenspot\\vendor\\laravel\\framework\\src\\Illuminate\\Foundation\\Http\\Kernel.php(151): Illuminate\\Pipeline\\Pipeline->then(Object(Closure))
#37 C:\\xampp\\htdocs\\greenspot\\vendor\\laravel\\framework\\src\\Illuminate\\Foundation\\Http\\Kernel.php(116): Illuminate\\Foundation\\Http\\Kernel->sendRequestThroughRouter(Object(Illuminate\\Http\\Request))
#38 C:\\xampp\\htdocs\\greenspot\\index.php(54): Illuminate\\Foundation\\Http\\Kernel->handle(Object(Illuminate\\Http\\Request))
#39 {main}
"} 
[2020-01-29 09:19:53] local.ERROR: No suitable servers found (`serverSelectionTryOnce` set): [connection refused calling ismaster on '127.0.0.1:27017'] {"exception":"[object] (MongoDB\\Driver\\Exception\\ConnectionTimeoutException(code: 13053): No suitable servers found (`serverSelectionTryOnce` set): [connection refused calling ismaster on '127.0.0.1:27017'] at C:\\xampp\\htdocs\\greenspot\\vendor\\mongodb\\mongodb\\src\\functions.php:431)
[stacktrace]
#0 C:\\xampp\\htdocs\\greenspot\\vendor\\mongodb\\mongodb\\src\\functions.php(431): MongoDB\\Driver\\Manager->selectServer(Object(MongoDB\\Driver\\ReadPreference))
#1 C:\\xampp\\htdocs\\greenspot\\vendor\\mongodb\\mongodb\\src\\Collection.php(651): MongoDB\\select_server(Object(MongoDB\\Driver\\Manager), Array)
#2 [internal function]: MongoDB\\Collection->find(Array, Array)
#3 C:\\xampp\\htdocs\\greenspot\\vendor\\jenssegers\\mongodb\\src\\Jenssegers\\Mongodb\\Collection.php(42): call_user_func_array(Array, Array)
#4 C:\\xampp\\htdocs\\greenspot\\vendor\\jenssegers\\mongodb\\src\\Jenssegers\\Mongodb\\Query\\Builder.php(401): Jenssegers\\Mongodb\\Collection->__call('find', Array)
#5 C:\\xampp\\htdocs\\greenspot\\vendor\\jenssegers\\mongodb\\src\\Jenssegers\\Mongodb\\Query\\Builder.php(209): Jenssegers\\Mongodb\\Query\\Builder->getFresh(Array)
#6 C:\\xampp\\htdocs\\greenspot\\vendor\\laravel\\framework\\src\\Illuminate\\Database\\Eloquent\\Builder.php(521): Jenssegers\\Mongodb\\Query\\Builder->get(Array)
#7 C:\\xampp\\htdocs\\greenspot\\vendor\\laravel\\framework\\src\\Illuminate\\Database\\Eloquent\\Builder.php(505): Illuminate\\Database\\Eloquent\\Builder->getModels(Array)
#8 C:\\xampp\\htdocs\\greenspot\\app\\Http\\Controllers\\Front\\FrontCommonController.php(57): Illuminate\\Database\\Eloquent\\Builder->get()
#9 C:\\xampp\\htdocs\\greenspot\\app\\Http\\Controllers\\Front\\HomeController.php(22): App\\Http\\Controllers\\Front\\FrontCommonController->__construct()
#10 [internal function]: App\\Http\\Controllers\\Front\\HomeController->__construct()
#11 C:\\xampp\\htdocs\\greenspot\\vendor\\laravel\\framework\\src\\Illuminate\\Container\\Container.php(844): ReflectionClass->newInstanceArgs(Array)
#12 C:\\xampp\\htdocs\\greenspot\\vendor\\laravel\\framework\\src\\Illuminate\\Container\\Container.php(682): Illuminate\\Container\\Container->build('App\\\\Http\\\\Contro...')
#13 C:\\xampp\\htdocs\\greenspot\\vendor\\laravel\\framework\\src\\Illuminate\\Container\\Container.php(630): Illuminate\\Container\\Container->resolve('App\\\\Http\\\\Contro...', Array)
#14 C:\\xampp\\htdocs\\greenspot\\vendor\\laravel\\framework\\src\\Illuminate\\Foundation\\Application.php(768): Illuminate\\Container\\Container->make('App\\\\Http\\\\Contro...', Array)
#15 C:\\xampp\\htdocs\\greenspot\\vendor\\laravel\\framework\\src\\Illuminate\\Routing\\Route.php(233): Illuminate\\Foundation\\Application->make('App\\\\Http\\\\Contro...')
#16 C:\\xampp\\htdocs\\greenspot\\vendor\\laravel\\framework\\src\\Illuminate\\Routing\\Route.php(833): Illuminate\\Routing\\Route->getController()
#17 C:\\xampp\\htdocs\\greenspot\\vendor\\laravel\\framework\\src\\Illuminate\\Routing\\Route.php(794): Illuminate\\Routing\\Route->controllerMiddleware()
#18 C:\\xampp\\htdocs\\greenspot\\vendor\\laravel\\framework\\src\\Illuminate\\Routing\\Router.php(693): Illuminate\\Routing\\Route->gatherMiddleware()
#19 C:\\xampp\\htdocs\\greenspot\\vendor\\laravel\\framework\\src\\Illuminate\\Routing\\Router.php(673): Illuminate\\Routing\\Router->gatherRouteMiddleware(Object(Illuminate\\Routing\\Route))
#20 C:\\xampp\\htdocs\\greenspot\\vendor\\laravel\\framework\\src\\Illuminate\\Routing\\Router.php(657): Illuminate\\Routing\\Router->runRouteWithinStack(Object(Illuminate\\Routing\\Route), Object(Illuminate\\Http\\Request))
#21 C:\\xampp\\htdocs\\greenspot\\vendor\\laravel\\framework\\src\\Illuminate\\Routing\\Router.php(623): Illuminate\\Routing\\Router->runRoute(Object(Illuminate\\Http\\Request), Object(Illuminate\\Routing\\Route))
#22 C:\\xampp\\htdocs\\greenspot\\vendor\\laravel\\framework\\src\\Illuminate\\Routing\\Router.php(612): Illuminate\\Routing\\Router->dispatchToRoute(Object(Illuminate\\Http\\Request))
#23 C:\\xampp\\htdocs\\greenspot\\vendor\\laravel\\framework\\src\\Illuminate\\Foundation\\Http\\Kernel.php(176): Illuminate\\Routing\\Router->dispatch(Object(Illuminate\\Http\\Request))
#24 C:\\xampp\\htdocs\\greenspot\\vendor\\laravel\\framework\\src\\Illuminate\\Pipeline\\Pipeline.php(130): Illuminate\\Foundation\\Http\\Kernel->Illuminate\\Foundation\\Http\\{closure}(Object(Illuminate\\Http\\Request))
#25 C:\\xampp\\htdocs\\greenspot\\vendor\\laravel\\framework\\src\\Illuminate\\Foundation\\Http\\Middleware\\TransformsRequest.php(21): Illuminate\\Pipeline\\Pipeline->Illuminate\\Pipeline\\{closure}(Object(Illuminate\\Http\\Request))
#26 C:\\xampp\\htdocs\\greenspot\\vendor\\laravel\\framework\\src\\Illuminate\\Pipeline\\Pipeline.php(171): Illuminate\\Foundation\\Http\\Middleware\\TransformsRequest->handle(Object(Illuminate\\Http\\Request), Object(Closure))
#27 C:\\xampp\\htdocs\\greenspot\\vendor\\laravel\\framework\\src\\Illuminate\\Foundation\\Http\\Middleware\\TransformsRequest.php(21): Illuminate\\Pipeline\\Pipeline->Illuminate\\Pipeline\\{closure}(Object(Illuminate\\Http\\Request))
#28 C:\\xampp\\htdocs\\greenspot\\vendor\\laravel\\framework\\src\\Illuminate\\Pipeline\\Pipeline.php(171): Illuminate\\Foundation\\Http\\Middleware\\TransformsRequest->handle(Object(Illuminate\\Http\\Request), Object(Closure))
#29 C:\\xampp\\htdocs\\greenspot\\vendor\\laravel\\framework\\src\\Illuminate\\Foundation\\Http\\Middleware\\ValidatePostSize.php(27): Illuminate\\Pipeline\\Pipeline->Illuminate\\Pipeline\\{closure}(Object(Illuminate\\Http\\Request))
#30 C:\\xampp\\htdocs\\greenspot\\vendor\\laravel\\framework\\src\\Illuminate\\Pipeline\\Pipeline.php(171): Illuminate\\Foundation\\Http\\Middleware\\ValidatePostSize->handle(Object(Illuminate\\Http\\Request), Object(Closure))
#31 C:\\xampp\\htdocs\\greenspot\\vendor\\laravel\\framework\\src\\Illuminate\\Foundation\\Http\\Middleware\\CheckForMaintenanceMode.php(62): Illuminate\\Pipeline\\Pipeline->Illuminate\\Pipeline\\{closure}(Object(Illuminate\\Http\\Request))
#32 C:\\xampp\\htdocs\\greenspot\\vendor\\laravel\\framework\\src\\Illuminate\\Pipeline\\Pipeline.php(171): Illuminate\\Foundation\\Http\\Middleware\\CheckForMaintenanceMode->handle(Object(Illuminate\\Http\\Request), Object(Closure))
#33 C:\\xampp\\htdocs\\greenspot\\vendor\\fideloper\\proxy\\src\\TrustProxies.php(57): Illuminate\\Pipeline\\Pipeline->Illuminate\\Pipeline\\{closure}(Object(Illuminate\\Http\\Request))
#34 C:\\xampp\\htdocs\\greenspot\\vendor\\laravel\\framework\\src\\Illuminate\\Pipeline\\Pipeline.php(171): Fideloper\\Proxy\\TrustProxies->handle(Object(Illuminate\\Http\\Request), Object(Closure))
#35 C:\\xampp\\htdocs\\greenspot\\vendor\\laravel\\framework\\src\\Illuminate\\Pipeline\\Pipeline.php(105): Illuminate\\Pipeline\\Pipeline->Illuminate\\Pipeline\\{closure}(Object(Illuminate\\Http\\Request))
#36 C:\\xampp\\htdocs\\greenspot\\vendor\\laravel\\framework\\src\\Illuminate\\Foundation\\Http\\Kernel.php(151): Illuminate\\Pipeline\\Pipeline->then(Object(Closure))
#37 C:\\xampp\\htdocs\\greenspot\\vendor\\laravel\\framework\\src\\Illuminate\\Foundation\\Http\\Kernel.php(116): Illuminate\\Foundation\\Http\\Kernel->sendRequestThroughRouter(Object(Illuminate\\Http\\Request))
#38 C:\\xampp\\htdocs\\greenspot\\index.php(54): Illuminate\\Foundation\\Http\\Kernel->handle(Object(Illuminate\\Http\\Request))
#39 {main}
"} 
[2020-01-29 09:20:05] local.ERROR: file_put_contents(D:\xampp\htdocs\LDorado\storage\framework\views/70c9b21ad9ae5875e8b8d5bd1d0854b6dd4aa566.php): failed to open stream: No such file or directory {"exception":"[object] (ErrorException(code: 0): file_put_contents(D:\\xampp\\htdocs\\LDorado\\storage\\framework\\views/70c9b21ad9ae5875e8b8d5bd1d0854b6dd4aa566.php): failed to open stream: No such file or directory at C:\\xampp\\htdocs\\greenspot\\vendor\\laravel\\framework\\src\\Illuminate\\Filesystem\\Filesystem.php:122)
[stacktrace]
#0 [internal function]: Illuminate\\Foundation\\Bootstrap\\HandleExceptions->handleError(2, 'file_put_conten...', 'C:\\\\xampp\\\\htdocs...', 122, Array)
#1 C:\\xampp\\htdocs\\greenspot\\vendor\\laravel\\framework\\src\\Illuminate\\Filesystem\\Filesystem.php(122): file_put_contents('D:\\\\xampp\\\\htdocs...', '<!DOCTYPE html>...', 0)
#2 C:\\xampp\\htdocs\\greenspot\\vendor\\laravel\\framework\\src\\Illuminate\\View\\Compilers\\BladeCompiler.php(140): Illuminate\\Filesystem\\Filesystem->put('D:\\\\xampp\\\\htdocs...', '<!DOCTYPE html>...')
#3 C:\\xampp\\htdocs\\greenspot\\vendor\\laravel\\framework\\src\\Illuminate\\View\\Engines\\CompilerEngine.php(51): Illuminate\\View\\Compilers\\BladeCompiler->compile('C:\\\\xampp\\\\htdocs...')
#4 C:\\xampp\\htdocs\\greenspot\\vendor\\facade\\ignition\\src\\Views\\Engines\\CompilerEngine.php(36): Illuminate\\View\\Engines\\CompilerEngine->get('C:\\\\xampp\\\\htdocs...', Array)
#5 C:\\xampp\\htdocs\\greenspot\\vendor\\laravel\\framework\\src\\Illuminate\\View\\View.php(143): Facade\\Ignition\\Views\\Engines\\CompilerEngine->get('C:\\\\xampp\\\\htdocs...', Array)
#6 C:\\xampp\\htdocs\\greenspot\\vendor\\laravel\\framework\\src\\Illuminate\\View\\View.php(126): Illuminate\\View\\View->getContents()
#7 C:\\xampp\\htdocs\\greenspot\\vendor\\laravel\\framework\\src\\Illuminate\\View\\View.php(91): Illuminate\\View\\View->renderContents()
#8 C:\\xampp\\htdocs\\greenspot\\vendor\\laravel\\framework\\src\\Illuminate\\Http\\Response.php(42): Illuminate\\View\\View->render()
#9 C:\\xampp\\htdocs\\greenspot\\vendor\\symfony\\http-foundation\\Response.php(202): Illuminate\\Http\\Response->setContent(Object(Illuminate\\View\\View))
#10 C:\\xampp\\htdocs\\greenspot\\vendor\\laravel\\framework\\src\\Illuminate\\Routing\\ResponseFactory.php(55): Symfony\\Component\\HttpFoundation\\Response->__construct(Object(Illuminate\\View\\View), 404, Array)
#11 C:\\xampp\\htdocs\\greenspot\\vendor\\laravel\\framework\\src\\Illuminate\\Routing\\ResponseFactory.php(81): Illuminate\\Routing\\ResponseFactory->make(Object(Illuminate\\View\\View), 404, Array)
#12 C:\\xampp\\htdocs\\greenspot\\vendor\\laravel\\framework\\src\\Illuminate\\Foundation\\Exceptions\\Handler.php(385): Illuminate\\Routing\\ResponseFactory->view('errors::404', Array, 404, Array)
#13 C:\\xampp\\htdocs\\greenspot\\vendor\\laravel\\framework\\src\\Illuminate\\Foundation\\Exceptions\\Handler.php(298): Illuminate\\Foundation\\Exceptions\\Handler->renderHttpException(Object(Symfony\\Component\\HttpKernel\\Exception\\NotFoundHttpException))
#14 C:\\xampp\\htdocs\\greenspot\\vendor\\laravel\\framework\\src\\Illuminate\\Foundation\\Exceptions\\Handler.php(184): Illuminate\\Foundation\\Exceptions\\Handler->prepareResponse(Object(Illuminate\\Http\\Request), Object(Symfony\\Component\\HttpKernel\\Exception\\NotFoundHttpException))
#15 C:\\xampp\\htdocs\\greenspot\\app\\Exceptions\\Handler.php(97): Illuminate\\Foundation\\Exceptions\\Handler->render(Object(Illuminate\\Http\\Request), Object(Symfony\\Component\\HttpKernel\\Exception\\NotFoundHttpException))
#16 C:\\xampp\\htdocs\\greenspot\\vendor\\laravel\\framework\\src\\Illuminate\\Routing\\Pipeline.php(51): App\\Exceptions\\Handler->render(Object(Illuminate\\Http\\Request), Object(Symfony\\Component\\HttpKernel\\Exception\\NotFoundHttpException))
#17 C:\\xampp\\htdocs\\greenspot\\vendor\\laravel\\framework\\src\\Illuminate\\Pipeline\\Pipeline.php(132): Illuminate\\Routing\\Pipeline->handleException(Object(Illuminate\\Http\\Request), Object(Symfony\\Component\\HttpKernel\\Exception\\NotFoundHttpException))
#18 C:\\xampp\\htdocs\\greenspot\\vendor\\laravel\\framework\\src\\Illuminate\\Foundation\\Http\\Middleware\\TransformsRequest.php(21): Illuminate\\Pipeline\\Pipeline->Illuminate\\Pipeline\\{closure}(Object(Illuminate\\Http\\Request))
#19 C:\\xampp\\htdocs\\greenspot\\vendor\\laravel\\framework\\src\\Illuminate\\Pipeline\\Pipeline.php(171): Illuminate\\Foundation\\Http\\Middleware\\TransformsRequest->handle(Object(Illuminate\\Http\\Request), Object(Closure))
#20 C:\\xampp\\htdocs\\greenspot\\vendor\\laravel\\framework\\src\\Illuminate\\Foundation\\Http\\Middleware\\TransformsRequest.php(21): Illuminate\\Pipeline\\Pipeline->Illuminate\\Pipeline\\{closure}(Object(Illuminate\\Http\\Request))
#21 C:\\xampp\\htdocs\\greenspot\\vendor\\laravel\\framework\\src\\Illuminate\\Pipeline\\Pipeline.php(171): Illuminate\\Foundation\\Http\\Middleware\\TransformsRequest->handle(Object(Illuminate\\Http\\Request), Object(Closure))
#22 C:\\xampp\\htdocs\\greenspot\\vendor\\laravel\\framework\\src\\Illuminate\\Foundation\\Http\\Middleware\\ValidatePostSize.php(27): Illuminate\\Pipeline\\Pipeline->Illuminate\\Pipeline\\{closure}(Object(Illuminate\\Http\\Request))
#23 C:\\xampp\\htdocs\\greenspot\\vendor\\laravel\\framework\\src\\Illuminate\\Pipeline\\Pipeline.php(171): Illuminate\\Foundation\\Http\\Middleware\\ValidatePostSize->handle(Object(Illuminate\\Http\\Request), Object(Closure))
#24 C:\\xampp\\htdocs\\greenspot\\vendor\\laravel\\framework\\src\\Illuminate\\Foundation\\Http\\Middleware\\CheckForMaintenanceMode.php(62): Illuminate\\Pipeline\\Pipeline->Illuminate\\Pipeline\\{closure}(Object(Illuminate\\Http\\Request))
#25 C:\\xampp\\htdocs\\greenspot\\vendor\\laravel\\framework\\src\\Illuminate\\Pipeline\\Pipeline.php(171): Illuminate\\Foundation\\Http\\Middleware\\CheckForMaintenanceMode->handle(Object(Illuminate\\Http\\Request), Object(Closure))
#26 C:\\xampp\\htdocs\\greenspot\\vendor\\fideloper\\proxy\\src\\TrustProxies.php(57): Illuminate\\Pipeline\\Pipeline->Illuminate\\Pipeline\\{closure}(Object(Illuminate\\Http\\Request))
#27 C:\\xampp\\htdocs\\greenspot\\vendor\\laravel\\framework\\src\\Illuminate\\Pipeline\\Pipeline.php(171): Fideloper\\Proxy\\TrustProxies->handle(Object(Illuminate\\Http\\Request), Object(Closure))
#28 C:\\xampp\\htdocs\\greenspot\\vendor\\laravel\\framework\\src\\Illuminate\\Pipeline\\Pipeline.php(105): Illuminate\\Pipeline\\Pipeline->Illuminate\\Pipeline\\{closure}(Object(Illuminate\\Http\\Request))
#29 C:\\xampp\\htdocs\\greenspot\\vendor\\laravel\\framework\\src\\Illuminate\\Foundation\\Http\\Kernel.php(151): Illuminate\\Pipeline\\Pipeline->then(Object(Closure))
#30 C:\\xampp\\htdocs\\greenspot\\vendor\\laravel\\framework\\src\\Illuminate\\Foundation\\Http\\Kernel.php(116): Illuminate\\Foundation\\Http\\Kernel->sendRequestThroughRouter(Object(Illuminate\\Http\\Request))
#31 C:\\xampp\\htdocs\\greenspot\\index.php(54): Illuminate\\Foundation\\Http\\Kernel->handle(Object(Illuminate\\Http\\Request))
#32 {main}
"} 
